<?xml version="1.0" encoding="UTF-8"?>
<testsuite name="esn.entity.EventTest" tests="1" skipped="0" failures="0" errors="0" timestamp="2019-11-25T01:05:28" hostname="DESKTOP-NSQ32UI" time="0.004">
  <properties/>
  <testcase name="createEvent" classname="esn.entity.EventTest" time="0.004"/>
  <system-out><![CDATA[2019-11-25 02:05:27.179  INFO 3048 --- [    Test worker] .b.t.c.SpringBootTestContextBootstrapper : Neither @ContextConfiguration nor @ContextHierarchy found for test class [esn.entity.EventTest], using SpringBootContextLoader
2019-11-25 02:05:27.181  INFO 3048 --- [    Test worker] o.s.t.c.support.AbstractContextLoader    : Could not detect default resource locations for test class [esn.entity.EventTest]: no resource found for suffixes {-context.xml, Context.groovy}.
2019-11-25 02:05:27.185  INFO 3048 --- [    Test worker] .b.t.c.SpringBootTestContextBootstrapper : Loaded default TestExecutionListener class names from location [META-INF/spring.factories]: [org.springframework.boot.test.autoconfigure.restdocs.RestDocsTestExecutionListener, org.springframework.boot.test.autoconfigure.web.client.MockRestServiceServerResetTestExecutionListener, org.springframework.boot.test.autoconfigure.web.servlet.MockMvcPrintOnlyOnFailureTestExecutionListener, org.springframework.boot.test.autoconfigure.web.servlet.WebDriverTestExecutionListener, org.springframework.boot.test.mock.mockito.MockitoTestExecutionListener, org.springframework.boot.test.mock.mockito.ResetMocksTestExecutionListener, org.springframework.test.context.web.ServletTestExecutionListener, org.springframework.test.context.support.DirtiesContextBeforeModesTestExecutionListener, org.springframework.test.context.support.DependencyInjectionTestExecutionListener, org.springframework.test.context.support.DirtiesContextTestExecutionListener, org.springframework.test.context.transaction.TransactionalTestExecutionListener, org.springframework.test.context.jdbc.SqlScriptsTestExecutionListener]
2019-11-25 02:05:27.185  INFO 3048 --- [    Test worker] .b.t.c.SpringBootTestContextBootstrapper : Using TestExecutionListeners: [org.springframework.test.context.web.ServletTestExecutionListener@129bc69b, org.springframework.test.context.support.DirtiesContextBeforeModesTestExecutionListener@30e19ff, org.springframework.boot.test.mock.mockito.MockitoTestExecutionListener@2698870d, org.springframework.boot.test.autoconfigure.SpringBootDependencyInjectionTestExecutionListener@26e41859, org.springframework.test.context.support.DirtiesContextTestExecutionListener@6a87ad00, org.springframework.test.context.transaction.TransactionalTestExecutionListener@19b5904e, org.springframework.test.context.jdbc.SqlScriptsTestExecutionListener@7bf7dc9a, org.springframework.boot.test.autoconfigure.restdocs.RestDocsTestExecutionListener@7dd7356d, org.springframework.boot.test.autoconfigure.web.client.MockRestServiceServerResetTestExecutionListener@2aef687a, org.springframework.boot.test.autoconfigure.web.servlet.MockMvcPrintOnlyOnFailureTestExecutionListener@1f6dba89, org.springframework.boot.test.autoconfigure.web.servlet.WebDriverTestExecutionListener@5a3bb6f2, org.springframework.boot.test.mock.mockito.ResetMocksTestExecutionListener@1e038c85]

  .   ____          _            __ _ _
 /\\ / ___'_ __ _ _(_)_ __  __ _ \ \ \ \
( ( )\___ | '_ | '_| | '_ \/ _` | \ \ \ \
 \\/  ___)| |_)| | | | | || (_| |  ) ) ) )
  '  |____| .__|_| |_|_| |_\__, | / / / /
 =========|_|==============|___/=/_/_/_/
 :: Spring Boot ::        (v2.1.0.RELEASE)

2019-11-25 02:05:27.207  INFO 3048 --- [    Test worker] esn.entity.EventTest                     : Starting EventTest on DESKTOP-NSQ32UI with PID 3048 (started by ivoae in E:\git\newEsn\esn-server\esn-zurich-website-server)
2019-11-25 02:05:27.208  INFO 3048 --- [    Test worker] esn.entity.EventTest                     : No active profile set, falling back to default profiles: default
2019-11-25 02:05:27.446  INFO 3048 --- [    Test worker] .s.d.r.c.RepositoryConfigurationDelegate : Bootstrapping Spring Data repositories in DEFAULT mode.
2019-11-25 02:05:27.454  INFO 3048 --- [    Test worker] .s.d.r.c.RepositoryConfigurationDelegate : Finished Spring Data repository scanning in 7ms. Found 2 repository interfaces.
2019-11-25 02:05:27.518  INFO 3048 --- [    Test worker] trationDelegate$BeanPostProcessorChecker : Bean 'org.springframework.transaction.annotation.ProxyTransactionManagementConfiguration' of type [org.springframework.transaction.annotation.ProxyTransactionManagementConfiguration$$EnhancerBySpringCGLIB$$ad829721] is not eligible for getting processed by all BeanPostProcessors (for example: not eligible for auto-proxying)
2019-11-25 02:05:27.530  INFO 3048 --- [    Test worker] trationDelegate$BeanPostProcessorChecker : Bean 'org.springframework.hateoas.config.HateoasConfiguration' of type [org.springframework.hateoas.config.HateoasConfiguration$$EnhancerBySpringCGLIB$$2d02e453] is not eligible for getting processed by all BeanPostProcessors (for example: not eligible for auto-proxying)
2019-11-25 02:05:27.577  INFO 3048 --- [    Test worker] com.zaxxer.hikari.HikariDataSource       : HikariPool-4 - Starting...
2019-11-25 02:05:27.578  INFO 3048 --- [    Test worker] com.zaxxer.hikari.HikariDataSource       : HikariPool-4 - Start completed.
2019-11-25 02:05:27.593  INFO 3048 --- [    Test worker] o.hibernate.jpa.internal.util.LogHelper  : HHH000204: Processing PersistenceUnitInfo [
	name: default
	...]
2019-11-25 02:05:27.602  INFO 3048 --- [    Test worker] org.hibernate.dialect.Dialect            : HHH000400: Using dialect: org.hibernate.dialect.H2Dialect
2019-11-25 02:05:27.629 ERROR 3048 --- [    Test worker] o.h.tuple.entity.PojoEntityTuplizer      : HHH000243: Setters of lazy classes cannot be final: esn.entity.User.creationDate
2019-11-25 02:05:27.641 ERROR 3048 --- [    Test worker] o.h.tuple.entity.PojoEntityTuplizer      : HHH000243: Setters of lazy classes cannot be final: esn.entity.Event.creationDate
2019-11-25 02:05:27.682  INFO 3048 --- [    Test worker] o.h.t.schema.internal.SchemaCreatorImpl  : HHH000476: Executing import script 'org.hibernate.tool.schema.internal.exec.ScriptSourceInputNonExistentImpl@edfeee6'
2019-11-25 02:05:27.682  INFO 3048 --- [    Test worker] j.LocalContainerEntityManagerFactoryBean : Initialized JPA EntityManagerFactory for persistence unit 'default'
2019-11-25 02:05:28.074  INFO 3048 --- [    Test worker] o.s.s.concurrent.ThreadPoolTaskExecutor  : Initializing ExecutorService 'applicationTaskExecutor'
2019-11-25 02:05:28.089  WARN 3048 --- [    Test worker] aWebConfiguration$JpaWebMvcConfiguration : spring.jpa.open-in-view is enabled by default. Therefore, database queries may be performed during view rendering. Explicitly configure spring.jpa.open-in-view to disable this warning
2019-11-25 02:05:28.364  INFO 3048 --- [    Test worker] esn.entity.EventTest                     : Started EventTest in 1.177 seconds (JVM running for 17.527)
]]></system-out>
  <system-err><![CDATA[]]></system-err>
</testsuite>
