<?xml version="1.0" encoding="UTF-8"?>
<testsuite name="esn.service.UserServiceTest" tests="2" skipped="0" failures="0" errors="0" timestamp="2019-11-25T01:05:29" hostname="DESKTOP-NSQ32UI" time="1.226">
  <properties/>
  <testcase name="updateUserTest" classname="esn.service.UserServiceTest" time="0.028"/>
  <testcase name="createUserTest" classname="esn.service.UserServiceTest" time="0.079"/>
  <system-out><![CDATA[2019-11-25 02:05:28.374  INFO 3048 --- [    Test worker] .b.t.c.SpringBootTestContextBootstrapper : Neither @ContextConfiguration nor @ContextHierarchy found for test class [esn.service.UserServiceTest], using SpringBootContextLoader
2019-11-25 02:05:28.375  INFO 3048 --- [    Test worker] o.s.t.c.support.AbstractContextLoader    : Could not detect default resource locations for test class [esn.service.UserServiceTest]: no resource found for suffixes {-context.xml, Context.groovy}.
2019-11-25 02:05:28.382  INFO 3048 --- [    Test worker] .b.t.c.SpringBootTestContextBootstrapper : Loaded default TestExecutionListener class names from location [META-INF/spring.factories]: [org.springframework.boot.test.autoconfigure.restdocs.RestDocsTestExecutionListener, org.springframework.boot.test.autoconfigure.web.client.MockRestServiceServerResetTestExecutionListener, org.springframework.boot.test.autoconfigure.web.servlet.MockMvcPrintOnlyOnFailureTestExecutionListener, org.springframework.boot.test.autoconfigure.web.servlet.WebDriverTestExecutionListener, org.springframework.boot.test.mock.mockito.MockitoTestExecutionListener, org.springframework.boot.test.mock.mockito.ResetMocksTestExecutionListener, org.springframework.test.context.web.ServletTestExecutionListener, org.springframework.test.context.support.DirtiesContextBeforeModesTestExecutionListener, org.springframework.test.context.support.DependencyInjectionTestExecutionListener, org.springframework.test.context.support.DirtiesContextTestExecutionListener, org.springframework.test.context.transaction.TransactionalTestExecutionListener, org.springframework.test.context.jdbc.SqlScriptsTestExecutionListener]
2019-11-25 02:05:28.384  INFO 3048 --- [    Test worker] .b.t.c.SpringBootTestContextBootstrapper : Using TestExecutionListeners: [org.springframework.test.context.web.ServletTestExecutionListener@7c1f392, org.springframework.test.context.support.DirtiesContextBeforeModesTestExecutionListener@2b2055aa, org.springframework.boot.test.mock.mockito.MockitoTestExecutionListener@26e0cef7, org.springframework.boot.test.autoconfigure.SpringBootDependencyInjectionTestExecutionListener@3b899e16, org.springframework.test.context.support.DirtiesContextTestExecutionListener@335ca796, org.springframework.test.context.transaction.TransactionalTestExecutionListener@1a783952, org.springframework.test.context.jdbc.SqlScriptsTestExecutionListener@3a4fdb9c, org.springframework.boot.test.autoconfigure.restdocs.RestDocsTestExecutionListener@4d419bed, org.springframework.boot.test.autoconfigure.web.client.MockRestServiceServerResetTestExecutionListener@1b77f5c4, org.springframework.boot.test.autoconfigure.web.servlet.MockMvcPrintOnlyOnFailureTestExecutionListener@401efd51, org.springframework.boot.test.autoconfigure.web.servlet.WebDriverTestExecutionListener@4495df5, org.springframework.boot.test.mock.mockito.ResetMocksTestExecutionListener@45162062]

  .   ____          _            __ _ _
 /\\ / ___'_ __ _ _(_)_ __  __ _ \ \ \ \
( ( )\___ | '_ | '_| | '_ \/ _` | \ \ \ \
 \\/  ___)| |_)| | | | | || (_| |  ) ) ) )
  '  |____| .__|_| |_|_| |_\__, | / / / /
 =========|_|==============|___/=/_/_/_/
 :: Spring Boot ::        (v2.1.0.RELEASE)

2019-11-25 02:05:28.403  INFO 3048 --- [    Test worker] esn.service.UserServiceTest              : Starting UserServiceTest on DESKTOP-NSQ32UI with PID 3048 (started by ivoae in E:\git\newEsn\esn-server\esn-zurich-website-server)
2019-11-25 02:05:28.404  INFO 3048 --- [    Test worker] esn.service.UserServiceTest              : No active profile set, falling back to default profiles: default
2019-11-25 02:05:28.601  INFO 3048 --- [    Test worker] .s.d.r.c.RepositoryConfigurationDelegate : Bootstrapping Spring Data repositories in DEFAULT mode.
2019-11-25 02:05:28.613  INFO 3048 --- [    Test worker] .s.d.r.c.RepositoryConfigurationDelegate : Finished Spring Data repository scanning in 11ms. Found 2 repository interfaces.
2019-11-25 02:05:28.703  INFO 3048 --- [    Test worker] trationDelegate$BeanPostProcessorChecker : Bean 'org.springframework.transaction.annotation.ProxyTransactionManagementConfiguration' of type [org.springframework.transaction.annotation.ProxyTransactionManagementConfiguration$$EnhancerBySpringCGLIB$$ad829721] is not eligible for getting processed by all BeanPostProcessors (for example: not eligible for auto-proxying)
2019-11-25 02:05:28.717  INFO 3048 --- [    Test worker] trationDelegate$BeanPostProcessorChecker : Bean 'org.springframework.hateoas.config.HateoasConfiguration' of type [org.springframework.hateoas.config.HateoasConfiguration$$EnhancerBySpringCGLIB$$2d02e453] is not eligible for getting processed by all BeanPostProcessors (for example: not eligible for auto-proxying)
2019-11-25 02:05:28.782  INFO 3048 --- [    Test worker] com.zaxxer.hikari.HikariDataSource       : HikariPool-5 - Starting...
2019-11-25 02:05:28.784  INFO 3048 --- [    Test worker] com.zaxxer.hikari.HikariDataSource       : HikariPool-5 - Start completed.
2019-11-25 02:05:28.798  INFO 3048 --- [    Test worker] o.hibernate.jpa.internal.util.LogHelper  : HHH000204: Processing PersistenceUnitInfo [
	name: default
	...]
2019-11-25 02:05:28.804  INFO 3048 --- [    Test worker] org.hibernate.dialect.Dialect            : HHH000400: Using dialect: org.hibernate.dialect.H2Dialect
2019-11-25 02:05:28.834 ERROR 3048 --- [    Test worker] o.h.tuple.entity.PojoEntityTuplizer      : HHH000243: Setters of lazy classes cannot be final: esn.entity.User.creationDate
2019-11-25 02:05:28.836 ERROR 3048 --- [    Test worker] o.h.tuple.entity.PojoEntityTuplizer      : HHH000243: Setters of lazy classes cannot be final: esn.entity.Event.creationDate
2019-11-25 02:05:28.865  INFO 3048 --- [    Test worker] o.h.t.schema.internal.SchemaCreatorImpl  : HHH000476: Executing import script 'org.hibernate.tool.schema.internal.exec.ScriptSourceInputNonExistentImpl@edfeee6'
2019-11-25 02:05:28.866  INFO 3048 --- [    Test worker] j.LocalContainerEntityManagerFactoryBean : Initialized JPA EntityManagerFactory for persistence unit 'default'
2019-11-25 02:05:29.215  INFO 3048 --- [    Test worker] o.s.s.concurrent.ThreadPoolTaskExecutor  : Initializing ExecutorService 'applicationTaskExecutor'
2019-11-25 02:05:29.225  WARN 3048 --- [    Test worker] aWebConfiguration$JpaWebMvcConfiguration : spring.jpa.open-in-view is enabled by default. Therefore, database queries may be performed during view rendering. Explicitly configure spring.jpa.open-in-view to disable this warning
2019-11-25 02:05:29.423  INFO 3048 --- [    Test worker] esn.service.UserServiceTest              : Started UserServiceTest in 1.037 seconds (JVM running for 18.585)
2019-11-25 02:05:29.437  INFO 3048 --- [    Test worker] o.s.s.concurrent.ThreadPoolTaskExecutor  : Shutting down ExecutorService 'applicationTaskExecutor'
2019-11-25 02:05:29.437  INFO 3048 --- [    Test worker] j.LocalContainerEntityManagerFactoryBean : Closing JPA EntityManagerFactory for persistence unit 'default'
2019-11-25 02:05:29.442  INFO 3048 --- [    Test worker] .SchemaDropperImpl$DelayedDropActionImpl : HHH000477: Starting delayed evictData of schema as part of SessionFactory shut-down'
2019-11-25 02:05:29.445  INFO 3048 --- [    Test worker] com.zaxxer.hikari.HikariDataSource       : HikariPool-5 - Shutdown initiated...
2019-11-25 02:05:29.455  INFO 3048 --- [    Test worker] com.zaxxer.hikari.HikariDataSource       : HikariPool-5 - Shutdown completed.

  .   ____          _            __ _ _
 /\\ / ___'_ __ _ _(_)_ __  __ _ \ \ \ \
( ( )\___ | '_ | '_| | '_ \/ _` | \ \ \ \
 \\/  ___)| |_)| | | | | || (_| |  ) ) ) )
  '  |____| .__|_| |_|_| |_\__, | / / / /
 =========|_|==============|___/=/_/_/_/
 :: Spring Boot ::        (v2.1.0.RELEASE)

2019-11-25 02:05:29.483  INFO 3048 --- [    Test worker] esn.service.UserServiceTest              : Starting UserServiceTest on DESKTOP-NSQ32UI with PID 3048 (started by ivoae in E:\git\newEsn\esn-server\esn-zurich-website-server)
2019-11-25 02:05:29.484  INFO 3048 --- [    Test worker] esn.service.UserServiceTest              : No active profile set, falling back to default profiles: default
2019-11-25 02:05:29.623  INFO 3048 --- [    Test worker] .s.d.r.c.RepositoryConfigurationDelegate : Bootstrapping Spring Data repositories in DEFAULT mode.
2019-11-25 02:05:29.633  INFO 3048 --- [    Test worker] .s.d.r.c.RepositoryConfigurationDelegate : Finished Spring Data repository scanning in 9ms. Found 2 repository interfaces.
2019-11-25 02:05:29.692  INFO 3048 --- [    Test worker] trationDelegate$BeanPostProcessorChecker : Bean 'org.springframework.transaction.annotation.ProxyTransactionManagementConfiguration' of type [org.springframework.transaction.annotation.ProxyTransactionManagementConfiguration$$EnhancerBySpringCGLIB$$ad829721] is not eligible for getting processed by all BeanPostProcessors (for example: not eligible for auto-proxying)
2019-11-25 02:05:29.704  INFO 3048 --- [    Test worker] trationDelegate$BeanPostProcessorChecker : Bean 'org.springframework.hateoas.config.HateoasConfiguration' of type [org.springframework.hateoas.config.HateoasConfiguration$$EnhancerBySpringCGLIB$$2d02e453] is not eligible for getting processed by all BeanPostProcessors (for example: not eligible for auto-proxying)
2019-11-25 02:05:29.778  INFO 3048 --- [    Test worker] com.zaxxer.hikari.HikariDataSource       : HikariPool-6 - Starting...
2019-11-25 02:05:29.779  INFO 3048 --- [    Test worker] com.zaxxer.hikari.HikariDataSource       : HikariPool-6 - Start completed.
2019-11-25 02:05:29.816  INFO 3048 --- [    Test worker] o.hibernate.jpa.internal.util.LogHelper  : HHH000204: Processing PersistenceUnitInfo [
	name: default
	...]
2019-11-25 02:05:29.827  INFO 3048 --- [    Test worker] org.hibernate.dialect.Dialect            : HHH000400: Using dialect: org.hibernate.dialect.H2Dialect
2019-11-25 02:05:29.857 ERROR 3048 --- [    Test worker] o.h.tuple.entity.PojoEntityTuplizer      : HHH000243: Setters of lazy classes cannot be final: esn.entity.User.creationDate
2019-11-25 02:05:29.880 ERROR 3048 --- [    Test worker] o.h.tuple.entity.PojoEntityTuplizer      : HHH000243: Setters of lazy classes cannot be final: esn.entity.Event.creationDate
2019-11-25 02:05:29.912  INFO 3048 --- [    Test worker] o.h.t.schema.internal.SchemaCreatorImpl  : HHH000476: Executing import script 'org.hibernate.tool.schema.internal.exec.ScriptSourceInputNonExistentImpl@edfeee6'
2019-11-25 02:05:29.912  INFO 3048 --- [    Test worker] j.LocalContainerEntityManagerFactoryBean : Initialized JPA EntityManagerFactory for persistence unit 'default'
2019-11-25 02:05:30.282  INFO 3048 --- [    Test worker] o.s.s.concurrent.ThreadPoolTaskExecutor  : Initializing ExecutorService 'applicationTaskExecutor'
2019-11-25 02:05:30.296  WARN 3048 --- [    Test worker] aWebConfiguration$JpaWebMvcConfiguration : spring.jpa.open-in-view is enabled by default. Therefore, database queries may be performed during view rendering. Explicitly configure spring.jpa.open-in-view to disable this warning
2019-11-25 02:05:30.568  INFO 3048 --- [    Test worker] esn.service.UserServiceTest              : Started UserServiceTest in 1.11 seconds (JVM running for 19.73)
2019-11-25 02:05:30.579  INFO 3048 --- [    Test worker] o.h.h.i.QueryTranslatorFactoryInitiator  : HHH000397: Using ASTQueryTranslatorFactory
2019-11-25 02:05:30.644  INFO 3048 --- [    Test worker] o.s.s.concurrent.ThreadPoolTaskExecutor  : Shutting down ExecutorService 'applicationTaskExecutor'
2019-11-25 02:05:30.645  INFO 3048 --- [    Test worker] j.LocalContainerEntityManagerFactoryBean : Closing JPA EntityManagerFactory for persistence unit 'default'
2019-11-25 02:05:30.646  INFO 3048 --- [    Test worker] .SchemaDropperImpl$DelayedDropActionImpl : HHH000477: Starting delayed evictData of schema as part of SessionFactory shut-down'
2019-11-25 02:05:30.651  INFO 3048 --- [    Test worker] com.zaxxer.hikari.HikariDataSource       : HikariPool-6 - Shutdown initiated...
2019-11-25 02:05:30.654  INFO 3048 --- [    Test worker] com.zaxxer.hikari.HikariDataSource       : HikariPool-6 - Shutdown completed.
]]></system-out>
  <system-err><![CDATA[]]></system-err>
</testsuite>
